[
  {
    "Title": "证书链完整性验证需求调整",
    "today-times": 1,
    "log_id": "req-20250910-cert-chain-adjustment",
    "timestamp": {
      "question_time": "2025-09-10T09:00:00+08:00",
      "response_time": "2025-09-10T09:15:00+08:00",
      "duration_ms": 900000
    },
    "user_info": {
      "query": "证书链完整性验证需求修改：1.证书中至少包含leaf和Intermediate（不强制要求root）+文件/顺序 2.leaf不是自己签发的，而是由Intermediate签发的。可以模仿test.cjs中的程序",
      "user_name": "用户"
    },
    "ai_info": {
      "name": "AI编程助手",
      "version": "v1.0.0",
      "action": "证书链完整性验证需求调整",
      "action_details": "根据新需求调整证书链验证逻辑，参考测试文件实现更灵活的验证规则"
    },
    "file_changes": [
      {
        "path": "src/BFF/controllers/tlsCertificateController.js",
        "change_type": "modify",
        "lines_changed": 40,
        "operation": "调整证书链完整性验证逻辑：1. 证书数量要求从至少3个改为至少2个（Leaf + Intermediate）；2. 添加Leaf证书自签名检查，确保Leaf必须由Intermediate签发；3. 保持证书链连续性验证（issuer-subject匹配）；4. 添加Root证书检测信息提示"
      }
    ],
    "metadata": {
      "request_status": "completed",
      "error_code": "0",
      "reference_resources": [
        "C:/Users/35334/Desktop/higress-note/certificate/my-certificate/complete/test.cjs"
      ],
      "additional_notes": "成功调整了证书链验证逻辑：1. 放宽了证书数量要求，不再强制要求Root证书；2. 加强了Leaf证书验证，确保不是自签名的；3. 保持了证书链连续性的严格检查；4. 提供了更灵活的验证规则，同时保持安全性要求；5. 完全参考了测试文件的实现方式"
    }
  }
]
