{
  "logs": [
    {
      "Title": "错误修复",
      "times": 1,
      "log_id": "req-20240901-15:30:45-fix",
      "timestamp": {
        "question_time": "2024-09-01T15:30:45+08:00",
        "response_time": "2024-09-01T15:31:12+08:00"
      },
      "user_info": {
        "query": "帮我优化用户登录接口的异常处理逻辑，要求捕获数据库连接超时和密码错误的场景",
        "user_name": "developer"
      },
      "ai_info": {
        "name": "豆包编程助手",
        "version": "v2.1.0",
        "action": "代码优化",
        "action_details": "针对用户登录接口补充异常处理分支，新增数据库连接超时重试机制和密码错误锁定逻辑"
      },
      "file_changes": [
        {
          "path": "src/main/java/com/example/auth/LoginController.java",
          "change_type": "modify",
          "lines_changed": 15,
          "operation": "新增SQLException捕获分支，添加密码错误次数统计逻辑"
        },
        {
          "path": "src/main/java/com/example/config/DbConfig.java",
          "change_type": "modify",
          "lines_changed": 8,
          "operation": "配置数据库连接超时参数，添加重试策略"
        },
        {
          "path": "src/test/java/com/example/auth/LoginControllerTest.java",
          "change_type": "add",
          "lines_changed": 22,
          "operation": "新增异常场景单元测试用例"
        }
      ],
      "metadata": {
        "request_status": "completed",
        "error_code": "0",
        "reference_resources": [
          "https://docs.spring.io/spring-boot/docs/current/reference/html/data.html#data.sql"
        ],
        "additional_notes": "密码错误超过5次将触发15分钟锁定，数据库连接超时最多重试3次"
      }
    },
    {
      "Title": "模板生成",
      "times": 2,
      "log_id": "req-20240901-16:45:22-production",
      "timestamp": {
        "question_time": "2024-09-01T16:45:22+08:00",
        "response_time": "2024-09-01T16:46:05+08:00"
      },
      "user_info": {
        "query": "生成一个批量导入路由配置的JSON模板，包含2个路由示例",
        "user_name": "developer"
      },
      "ai_info": {
        "name": "豆包编程助手",
        "version": "v2.1.0",
        "action": "模板生成",
        "action_details": "根据Higress路由规则格式，生成包含2个路由的批量导入模板，移除可选字段并关闭认证配置"
      },
      "file_changes": [
        {
          "path": "templates/batch_route_import.json",
          "change_type": "create",
          "lines_changed": 38,
          "operation": "生成符合要求的路由批量导入模板文件"
        }
      ],
      "metadata": {
        "request_status": "completed",
        "error_code": "0",
        "reference_resources": [],
        "additional_notes": "模板已按要求移除所有可选字段，authConfig.enabled均设为false"
      }
    },
    {
      "Title": "模板生成",
      "times": 3,
      "log_id": "req-20240901-16:45:22-design",
      "timestamp": {
        "question_time": "2024-09-01T16:45:22+08:00",
        "response_time": "2024-09-01T16:46:05+08:00"
      },
      "user_info": {
        "query": "生成一个批量导入路由配置的JSON模板，包含2个路由示例",
        "user_name": "developer"
      },
      "ai_info": {
        "name": "豆包编程助手",
        "version": "v2.1.0",
        "action": "模板生成",
        "action_details": "根据Higress路由规则格式，生成包含2个路由的批量导入模板，移除可选字段并关闭认证配置"
      },
      "file_changes": [
        {
          "path": "templates/batch_route_import.json",
          "change_type": "create",
          "lines_changed": 38,
          "operation": "生成符合要求的路由批量导入模板文件"
        }
      ],
      "metadata": {
        "request_status": "completed",
        "error_code": "0",
        "reference_resources": [],
        "additional_notes": "模板已按要求移除所有可选字段，authConfig.enabled均设为false"
      }
    }
  ]
}
